2025-11-21 21:34:46,181 - INFO - Starting Cart Test
2025-11-21 21:34:46,182 - INFO - Loading login page...
2025-11-21 21:34:46,824 - INFO - Logging in with correct credentials...
2025-11-21 21:34:47,040 - INFO - Adding items to cart...
2025-11-21 21:34:47,127 - INFO - Navigating to cart...
2025-11-21 21:34:47,199 - INFO - Retrieving items from the cart...
2025-11-21 21:34:47,239 - INFO - Items found in cart: ['Sauce Labs Backpack', 'Sauce Labs Bike Light']
2025-11-21 21:34:47,239 - INFO - Validating items...
2025-11-21 21:34:47,239 - INFO - TEST PASS: Cart contains correct items.
2025-11-21 21:34:50,441 - INFO - Starting Full Checkout Test
2025-11-21 21:34:50,441 - INFO - Loading login page...
2025-11-21 21:34:51,095 - INFO - Logging in as standard_user...
2025-11-21 21:34:51,330 - INFO - Adding items to cart...
2025-11-21 21:34:51,456 - INFO - Navigating to cart...
2025-11-21 21:34:51,507 - INFO - Starting checkout process...
2025-11-21 21:34:51,551 - INFO - Filling out customer information...
2025-11-21 21:34:51,762 - INFO - Finishing checkout...
2025-11-21 21:34:51,830 - INFO - Confirmation message: Thank you for your order!
2025-11-21 21:34:51,830 - INFO - TEST PASS: Full checkout flow completed successfully.
2025-11-21 21:34:55,046 - INFO - Starting Invalid Login Test
2025-11-21 21:34:55,046 - INFO - Loading login page...
2025-11-21 21:34:55,397 - INFO - Attempting login with WRONG credentials...
2025-11-21 21:34:55,626 - INFO - Checking for error message...
2025-11-21 21:34:55,628 - INFO - TEST PASS: Invalid login shows correct error message.
2025-11-21 21:34:58,881 - INFO - Starting Locked User Test
2025-11-21 21:34:58,881 - INFO - Loading login page...
2025-11-21 21:34:59,219 - INFO - Logging in with locked_out_user...
2025-11-21 21:34:59,459 - INFO - Validating locked-out message...
2025-11-21 21:34:59,462 - INFO - TEST PASS: Locked user message displayed correctly.
2025-11-21 21:35:02,635 - INFO - Starting Login Variations Test
2025-11-21 21:38:44,269 - INFO - Starting Cart Test
2025-11-21 21:38:44,270 - INFO - Loading login page...
2025-11-21 21:38:44,669 - INFO - Logging in with correct credentials...
2025-11-21 21:38:44,889 - INFO - Adding items to cart...
2025-11-21 21:38:44,991 - INFO - Navigating to cart...
2025-11-21 21:38:45,043 - INFO - Retrieving items from the cart...
2025-11-21 21:38:45,063 - INFO - Items found in cart: ['Sauce Labs Backpack', 'Sauce Labs Bike Light']
2025-11-21 21:38:45,063 - INFO - Validating items...
2025-11-21 21:38:45,063 - INFO - TEST PASS: Cart contains correct items.
2025-11-21 21:38:48,341 - INFO - Starting Full Checkout Test
2025-11-21 21:38:48,342 - INFO - Loading login page...
2025-11-21 21:38:48,689 - INFO - Logging in as standard_user...
2025-11-21 21:38:48,927 - INFO - Adding items to cart...
2025-11-21 21:38:49,037 - INFO - Navigating to cart...
2025-11-21 21:38:49,090 - INFO - Starting checkout process...
2025-11-21 21:38:49,154 - INFO - Filling out customer information...
2025-11-21 21:38:49,367 - INFO - Finishing checkout...
2025-11-21 21:38:49,453 - INFO - Confirmation message: Thank you for your order!
2025-11-21 21:38:49,453 - INFO - TEST PASS: Full checkout flow completed successfully.
2025-11-21 21:38:52,665 - INFO - Starting Invalid Login Test
2025-11-21 21:38:52,665 - INFO - Loading login page...
2025-11-21 21:38:53,029 - INFO - Attempting login with WRONG credentials...
2025-11-21 21:38:53,231 - INFO - Checking for error message...
2025-11-21 21:38:53,234 - INFO - TEST PASS: Invalid login shows correct error message.
2025-11-21 21:38:56,408 - INFO - Starting Locked User Test
2025-11-21 21:38:56,408 - INFO - Loading login page...
2025-11-21 21:38:57,791 - INFO - Logging in with locked_out_user...
2025-11-21 21:38:57,978 - INFO - Validating locked-out message...
2025-11-21 21:38:57,981 - INFO - TEST PASS: Locked user message displayed correctly.
2025-11-21 21:39:01,157 - INFO - Starting Login Variations Test
2025-11-21 21:39:01,166 - INFO - Testing login for: {'username': 'standard_user', 'password': 'secret_sauce'}
2025-11-21 21:39:01,747 - INFO - Login successful for: {'username': 'standard_user', 'password': 'secret_sauce'}
2025-11-21 21:39:01,747 - INFO - Testing login for: {'username': 'locked_out_user', 'password': 'secret_sauce'}
2025-11-21 21:39:54,816 - INFO - Starting Cart Test
2025-11-21 21:39:54,817 - INFO - Loading login page...
2025-11-21 21:39:55,155 - INFO - Logging in with correct credentials...
2025-11-21 21:39:55,398 - INFO - Adding items to cart...
2025-11-21 21:39:55,510 - INFO - Navigating to cart...
2025-11-21 21:39:55,557 - INFO - Retrieving items from the cart...
2025-11-21 21:39:55,577 - INFO - Items found in cart: ['Sauce Labs Backpack', 'Sauce Labs Bike Light']
2025-11-21 21:39:55,577 - INFO - Validating items...
2025-11-21 21:39:55,577 - INFO - TEST PASS: Cart contains correct items.
2025-11-21 21:39:58,756 - INFO - Starting Full Checkout Test
2025-11-21 21:39:58,756 - INFO - Loading login page...
2025-11-21 21:39:59,097 - INFO - Logging in as standard_user...
2025-11-21 21:39:59,305 - INFO - Adding items to cart...
2025-11-21 21:39:59,419 - INFO - Navigating to cart...
2025-11-21 21:39:59,470 - INFO - Starting checkout process...
2025-11-21 21:39:59,525 - INFO - Filling out customer information...
2025-11-21 21:39:59,739 - INFO - Finishing checkout...
2025-11-21 21:39:59,802 - INFO - Confirmation message: Thank you for your order!
2025-11-21 21:39:59,802 - INFO - TEST PASS: Full checkout flow completed successfully.
2025-11-21 21:40:03,041 - INFO - Starting Invalid Login Test
2025-11-21 21:40:03,041 - INFO - Loading login page...
2025-11-21 21:40:03,382 - INFO - Attempting login with WRONG credentials...
2025-11-21 21:40:03,582 - INFO - Checking for error message...
2025-11-21 21:40:03,584 - INFO - TEST PASS: Invalid login shows correct error message.
2025-11-21 21:40:06,794 - INFO - Starting Locked User Test
2025-11-21 21:40:06,794 - INFO - Loading login page...
2025-11-21 21:40:07,135 - INFO - Logging in with locked_out_user...
2025-11-21 21:40:07,327 - INFO - Validating locked-out message...
2025-11-21 21:40:07,330 - INFO - TEST PASS: Locked user message displayed correctly.
2025-11-21 21:40:10,487 - INFO - Starting Login Variations Test
2025-11-21 21:40:10,487 - INFO - Testing login with: {'username': 'standard_user', 'password': 'secret_sauce'}
2025-11-21 21:40:11,063 - INFO - Login successful.
2025-11-21 21:40:11,063 - INFO - Testing login with: {'username': 'locked_out_user', 'password': 'secret_sauce'}
2025-11-21 21:40:11,303 - INFO - Locked user correctly blocked.
2025-11-21 21:40:11,303 - INFO - Testing login with: {'username': 'problem_user', 'password': 'secret_sauce'}
2025-11-21 21:40:11,519 - INFO - Login successful.
2025-11-21 21:40:11,520 - INFO - Testing login with: {'username': 'performance_glitch_user', 'password': 'secret_sauce'}
2025-11-21 21:40:16,729 - INFO - Login successful.
2025-11-21 21:43:15,603 - INFO - Starting Cart Test
2025-11-21 21:43:15,603 - INFO - Loading login page...
2025-11-21 21:43:15,938 - INFO - Logging in with correct credentials...
2025-11-21 21:43:16,160 - INFO - Adding items to cart...
2025-11-21 21:43:16,272 - INFO - Navigating to cart...
2025-11-21 21:43:16,315 - INFO - Retrieving items from the cart...
2025-11-21 21:43:16,345 - INFO - Items found in cart: ['Sauce Labs Backpack', 'Sauce Labs Bike Light']
2025-11-21 21:43:16,345 - INFO - Validating items...
2025-11-21 21:43:16,345 - INFO - TEST PASS: Cart contains correct items.
2025-11-21 21:43:19,503 - INFO - Starting Full Checkout Test
2025-11-21 21:43:19,503 - INFO - Loading login page...
2025-11-21 21:43:19,852 - INFO - Logging in as standard_user...
2025-11-21 21:43:20,092 - INFO - Adding items to cart...
2025-11-21 21:43:20,206 - INFO - Navigating to cart...
2025-11-21 21:43:20,259 - INFO - Starting checkout process...
2025-11-21 21:43:20,309 - INFO - Filling out customer information...
2025-11-21 21:43:20,552 - INFO - Finishing checkout...
2025-11-21 21:43:20,628 - INFO - Confirmation message: Thank you for your order!
2025-11-21 21:43:20,628 - INFO - TEST PASS: Full checkout flow completed successfully.
2025-11-21 21:43:23,810 - INFO - Starting Invalid Login Test
2025-11-21 21:43:23,811 - INFO - Loading login page...
2025-11-21 21:43:24,160 - INFO - Attempting login with WRONG credentials...
2025-11-21 21:43:24,355 - INFO - Checking for error message...
2025-11-21 21:43:24,357 - INFO - TEST PASS: Invalid login shows correct error message.
2025-11-21 21:43:27,578 - INFO - Starting Locked User Test
2025-11-21 21:43:27,578 - INFO - Loading login page...
2025-11-21 21:43:27,921 - INFO - Logging in with locked_out_user...
2025-11-21 21:43:28,184 - INFO - Validating locked-out message...
2025-11-21 21:43:28,186 - INFO - TEST PASS: Locked user message displayed correctly.
2025-11-21 21:43:31,383 - INFO - Starting Login Variations Test
2025-11-21 21:43:31,386 - INFO - Testing login with: {'username': 'standard_user', 'password': 'secret_sauce'}
2025-11-21 21:43:31,953 - INFO - Login successful.
2025-11-21 21:43:31,953 - INFO - Testing login with: {'username': 'locked_out_user', 'password': 'secret_sauce'}
2025-11-21 21:43:32,183 - INFO - Locked user correctly blocked.
2025-11-21 21:43:32,183 - INFO - Testing login with: {'username': 'problem_user', 'password': 'secret_sauce'}
2025-11-21 21:43:32,394 - INFO - Login successful.
2025-11-21 21:43:32,394 - INFO - Testing login with: {'username': 'performance_glitch_user', 'password': 'secret_sauce'}
2025-11-21 21:43:37,593 - INFO - Login successful.
2025-11-21 21:47:03,900 - INFO - Starting Cart Test
2025-11-21 21:47:03,900 - INFO - Loading login page...
2025-11-21 21:47:04,359 - INFO - Logging in with correct credentials...
2025-11-21 21:47:04,558 - INFO - Adding items to cart...
2025-11-21 21:47:04,652 - INFO - Navigating to cart...
2025-11-21 21:47:04,706 - INFO - Retrieving items from the cart...
2025-11-21 21:47:04,728 - INFO - Items found in cart: ['Sauce Labs Backpack', 'Sauce Labs Bike Light']
2025-11-21 21:47:04,728 - INFO - Validating items...
2025-11-21 21:47:04,728 - INFO - TEST PASS: Cart contains correct items.
2025-11-21 21:47:07,914 - INFO - Starting Full Checkout Test
2025-11-21 21:47:07,914 - INFO - Loading login page...
2025-11-21 21:47:08,256 - INFO - Logging in as standard_user...
2025-11-21 21:47:08,465 - INFO - Adding items to cart...
2025-11-21 21:47:08,574 - INFO - Navigating to cart...
2025-11-21 21:47:08,627 - INFO - Starting checkout process...
2025-11-21 21:47:08,684 - INFO - Filling out customer information...
2025-11-21 21:47:08,903 - INFO - Finishing checkout...
2025-11-21 21:47:08,975 - INFO - Confirmation message: Thank you for your order!
2025-11-21 21:47:08,975 - INFO - TEST PASS: Full checkout flow completed successfully.
2025-11-21 21:47:12,171 - INFO - Starting Invalid Login Test
2025-11-21 21:47:12,171 - INFO - Loading login page...
2025-11-21 21:47:12,528 - INFO - Attempting login with WRONG credentials...
2025-11-21 21:47:12,721 - INFO - Checking for error message...
2025-11-21 21:47:12,724 - INFO - TEST PASS: Invalid login shows correct error message.
2025-11-21 21:47:15,934 - INFO - Starting Locked User Test
2025-11-21 21:47:15,934 - INFO - Loading login page...
2025-11-21 21:47:16,278 - INFO - Logging in with locked_out_user...
2025-11-21 21:47:16,489 - INFO - Validating locked-out message...
2025-11-21 21:47:16,491 - INFO - TEST PASS: Locked user message displayed correctly.
2025-11-21 21:47:19,692 - INFO - Starting Login Variations Test
2025-11-21 21:47:19,692 - INFO - Testing login with: {'username': 'standard_user', 'password': 'secret_sauce'}
2025-11-21 21:47:20,265 - INFO - Login successful.
2025-11-21 21:47:20,265 - INFO - Testing login with: {'username': 'locked_out_user', 'password': 'secret_sauce'}
2025-11-21 21:47:20,489 - INFO - Locked user correctly blocked.
2025-11-21 21:47:20,489 - INFO - Testing login with: {'username': 'problem_user', 'password': 'secret_sauce'}
2025-11-21 21:47:20,692 - INFO - Login successful.
2025-11-21 21:47:20,692 - INFO - Testing login with: {'username': 'performance_glitch_user', 'password': 'secret_sauce'}
2025-11-21 21:47:25,877 - INFO - Login successful.
2025-11-21 21:49:26,250 - INFO - Starting Cart Test
2025-11-21 21:49:26,251 - INFO - Loading login page...
2025-11-21 21:49:26,260 - INFO - Starting Full Checkout Test
2025-11-21 21:49:26,260 - INFO - Loading login page...
2025-11-21 21:49:26,289 - INFO - Starting Locked User Test
2025-11-21 21:49:26,289 - INFO - Loading login page...
2025-11-21 21:49:26,318 - INFO - Starting Invalid Login Test
2025-11-21 21:49:26,318 - INFO - Starting Login Variations Test
2025-11-21 21:49:26,318 - INFO - Loading login page...
2025-11-21 21:49:26,318 - INFO - Testing login with: {'username': 'standard_user', 'password': 'secret_sauce'}
2025-11-21 21:49:26,705 - INFO - Logging in with locked_out_user...
2025-11-21 21:49:26,741 - INFO - Logging in as standard_user...
2025-11-21 21:49:26,825 - INFO - Attempting login with WRONG credentials...
2025-11-21 21:49:26,898 - INFO - Logging in with correct credentials...
2025-11-21 21:49:27,012 - INFO - Validating locked-out message...
2025-11-21 21:49:27,016 - INFO - TEST PASS: Locked user message displayed correctly.
2025-11-21 21:49:27,131 - INFO - Adding items to cart...
2025-11-21 21:49:27,165 - INFO - Checking for error message...
2025-11-21 21:49:27,169 - INFO - TEST PASS: Invalid login shows correct error message.
2025-11-21 21:49:27,236 - INFO - Login successful.
2025-11-21 21:49:27,237 - INFO - Testing login with: {'username': 'locked_out_user', 'password': 'secret_sauce'}
2025-11-21 21:49:27,310 - INFO - Adding items to cart...
2025-11-21 21:49:27,341 - INFO - Navigating to cart...
2025-11-21 21:49:27,416 - INFO - Starting checkout process...
2025-11-21 21:49:27,456 - INFO - Navigating to cart...
2025-11-21 21:49:27,479 - INFO - Filling out customer information...
2025-11-21 21:49:27,516 - INFO - Locked user correctly blocked.
2025-11-21 21:49:27,516 - INFO - Testing login with: {'username': 'problem_user', 'password': 'secret_sauce'}
2025-11-21 21:49:27,519 - INFO - Retrieving items from the cart...
2025-11-21 21:49:27,547 - INFO - Items found in cart: ['Sauce Labs Backpack', 'Sauce Labs Bike Light']
2025-11-21 21:49:27,548 - INFO - Validating items...
2025-11-21 21:49:27,548 - INFO - TEST PASS: Cart contains correct items.
2025-11-21 21:49:27,768 - INFO - Login successful.
2025-11-21 21:49:27,768 - INFO - Testing login with: {'username': 'performance_glitch_user', 'password': 'secret_sauce'}
2025-11-21 21:49:27,792 - INFO - Finishing checkout...
2025-11-21 21:49:27,887 - INFO - Confirmation message: Thank you for your order!
2025-11-21 21:49:27,887 - INFO - TEST PASS: Full checkout flow completed successfully.
2025-11-21 21:49:32,996 - INFO - Login successful.
2025-11-21 21:50:30,245 - INFO - Starting Cart Test
2025-11-21 21:50:30,245 - INFO - Loading login page...
2025-11-21 21:50:30,256 - INFO - Starting Locked User Test
2025-11-21 21:50:30,256 - INFO - Loading login page...
2025-11-21 21:50:30,283 - INFO - Starting Invalid Login Test
2025-11-21 21:50:30,284 - INFO - Loading login page...
2025-11-21 21:50:30,301 - INFO - Starting Login Variations Test
2025-11-21 21:50:30,301 - INFO - Testing login with: {'username': 'standard_user', 'password': 'secret_sauce'}
2025-11-21 21:50:30,303 - INFO - Starting Full Checkout Test
2025-11-21 21:50:30,303 - INFO - Loading login page...
2025-11-21 21:50:30,682 - INFO - Logging in with correct credentials...
2025-11-21 21:50:30,682 - INFO - Logging in with locked_out_user...
2025-11-21 21:50:30,701 - INFO - Attempting login with WRONG credentials...
2025-11-21 21:50:30,720 - INFO - Logging in as standard_user...
2025-11-21 21:50:31,031 - INFO - Checking for error message...
2025-11-21 21:50:31,033 - INFO - Validating locked-out message...
2025-11-21 21:50:31,034 - INFO - TEST PASS: Invalid login shows correct error message.
2025-11-21 21:50:31,036 - INFO - TEST PASS: Locked user message displayed correctly.
2025-11-21 21:50:31,057 - INFO - Adding items to cart...
2025-11-21 21:50:31,067 - INFO - Login successful.
2025-11-21 21:50:31,067 - INFO - Testing login with: {'username': 'locked_out_user', 'password': 'secret_sauce'}
2025-11-21 21:50:31,089 - INFO - Adding items to cart...
2025-11-21 21:50:31,263 - INFO - Navigating to cart...
2025-11-21 21:50:31,268 - INFO - Navigating to cart...
2025-11-21 21:50:31,331 - INFO - Retrieving items from the cart...
2025-11-21 21:50:31,339 - INFO - Starting checkout process...
2025-11-21 21:50:31,356 - INFO - Items found in cart: ['Sauce Labs Backpack', 'Sauce Labs Bike Light']
2025-11-21 21:50:31,357 - INFO - Validating items...
2025-11-21 21:50:31,357 - INFO - TEST PASS: Cart contains correct items.
2025-11-21 21:50:31,388 - INFO - Locked user correctly blocked.
2025-11-21 21:50:31,388 - INFO - Testing login with: {'username': 'problem_user', 'password': 'secret_sauce'}
2025-11-21 21:50:31,422 - INFO - Filling out customer information...
2025-11-21 21:50:31,623 - INFO - Login successful.
2025-11-21 21:50:31,623 - INFO - Testing login with: {'username': 'performance_glitch_user', 'password': 'secret_sauce'}
2025-11-21 21:50:31,723 - INFO - Finishing checkout...
2025-11-21 21:50:31,816 - INFO - Confirmation message: Thank you for your order!
2025-11-21 21:50:31,817 - INFO - TEST PASS: Full checkout flow completed successfully.
2025-11-21 21:50:36,848 - INFO - Login successful.
2025-11-21 22:00:31,411 - INFO - Starting Cart Test
2025-11-21 22:00:31,412 - INFO - Loading login page...
2025-11-21 22:00:31,444 - INFO - Starting Locked User Test
2025-11-21 22:00:31,445 - INFO - Loading login page...
2025-11-21 22:00:31,471 - INFO - Starting Login Variations Test
2025-11-21 22:00:31,472 - INFO - Testing login with: {'username': 'standard_user', 'password': 'secret_sauce'}
2025-11-21 22:00:31,482 - INFO - Starting Full Checkout Test
2025-11-21 22:00:31,482 - INFO - Loading login page...
2025-11-21 22:00:31,483 - INFO - Starting Invalid Login Test
2025-11-21 22:00:31,483 - INFO - Loading login page...
2025-11-21 22:00:31,963 - INFO - Logging in with locked_out_user...
2025-11-21 22:00:32,022 - INFO - Logging in with correct credentials...
2025-11-21 22:00:32,022 - INFO - Attempting login with WRONG credentials...
2025-11-21 22:00:32,026 - INFO - Logging in as standard_user...
2025-11-21 22:00:32,286 - INFO - Validating locked-out message...
2025-11-21 22:00:32,291 - INFO - TEST PASS: Locked user message displayed correctly.
2025-11-21 22:00:32,359 - INFO - Checking for error message...
2025-11-21 22:00:32,364 - INFO - TEST PASS: Invalid login shows correct error message.
2025-11-21 22:00:32,384 - INFO - Adding items to cart...
2025-11-21 22:00:32,389 - INFO - Adding items to cart...
2025-11-21 22:00:32,447 - INFO - Login successful.
2025-11-21 22:00:32,447 - INFO - Testing login with: {'username': 'locked_out_user', 'password': 'secret_sauce'}
2025-11-21 22:00:32,571 - INFO - Navigating to cart...
2025-11-21 22:00:32,584 - INFO - Navigating to cart...
2025-11-21 22:00:32,631 - INFO - Starting checkout process...
2025-11-21 22:00:32,650 - INFO - Retrieving items from the cart...
2025-11-21 22:00:32,674 - INFO - Items found in cart: ['Sauce Labs Backpack', 'Sauce Labs Bike Light']
2025-11-21 22:00:32,675 - INFO - Validating items...
2025-11-21 22:00:32,675 - INFO - TEST PASS: Cart contains correct items.
2025-11-21 22:00:32,701 - INFO - Filling out customer information...
2025-11-21 22:00:32,786 - INFO - Locked user correctly blocked.
2025-11-21 22:00:32,786 - INFO - Testing login with: {'username': 'problem_user', 'password': 'secret_sauce'}
2025-11-21 22:00:32,961 - INFO - Finishing checkout...
2025-11-21 22:00:33,008 - INFO - Login successful.
2025-11-21 22:00:33,008 - INFO - Testing login with: {'username': 'performance_glitch_user', 'password': 'secret_sauce'}
2025-11-21 22:00:33,045 - INFO - Confirmation message: Thank you for your order!
2025-11-21 22:00:33,045 - INFO - TEST PASS: Full checkout flow completed successfully.
2025-11-21 22:00:38,289 - INFO - Login successful.
2025-11-21 22:22:07,896 - INFO - Starting Login Variations Test
2025-11-21 22:22:07,896 - INFO - Testing login with: {'username': 'standard_user', 'password': 'secret_sauce'}
2025-11-21 22:22:07,947 - INFO - Starting Invalid Login Test
2025-11-21 22:22:07,947 - INFO - Loading login page...
2025-11-21 22:22:07,993 - INFO - Starting Cart Test
2025-11-21 22:22:07,993 - INFO - Loading login page...
2025-11-21 22:22:08,004 - INFO - Starting Full Checkout Test
2025-11-21 22:22:08,005 - INFO - Loading login page...
2025-11-21 22:22:08,005 - INFO - Starting Locked User Test
2025-11-21 22:22:08,005 - INFO - Loading login page...
2025-11-21 22:22:08,496 - INFO - Logging in with correct credentials...
2025-11-21 22:22:08,519 - INFO - Logging in with locked_out_user...
2025-11-21 22:22:08,521 - INFO - Logging in as standard_user...
2025-11-21 22:22:08,528 - INFO - Attempting login with WRONG credentials...
2025-11-21 22:22:08,839 - INFO - Login successful.
2025-11-21 22:22:08,839 - INFO - Testing login with: {'username': 'locked_out_user', 'password': 'secret_sauce'}
2025-11-21 22:22:08,859 - INFO - Checking for error message...
2025-11-21 22:22:08,870 - INFO - Validating locked-out message...
2025-11-21 22:22:08,871 - INFO - TEST PASS: Invalid login shows correct error message.
2025-11-21 22:22:08,875 - INFO - Adding items to cart...
2025-11-21 22:22:08,878 - INFO - Adding items to cart...
2025-11-21 22:22:08,885 - INFO - TEST PASS: Locked user message displayed correctly.
2025-11-21 22:22:09,109 - INFO - Navigating to cart...
2025-11-21 22:22:09,117 - INFO - Navigating to cart...
2025-11-21 22:22:09,184 - INFO - Starting checkout process...
2025-11-21 22:22:09,190 - INFO - Retrieving items from the cart...
2025-11-21 22:22:09,219 - INFO - Items found in cart: ['Sauce Labs Backpack', 'Sauce Labs Bike Light']
2025-11-21 22:22:09,220 - INFO - Validating items...
2025-11-21 22:22:09,220 - INFO - TEST PASS: Cart contains correct items.
2025-11-21 22:22:09,220 - INFO - Locked user correctly blocked.
2025-11-21 22:22:09,221 - INFO - Testing login with: {'username': 'problem_user', 'password': 'secret_sauce'}
2025-11-21 22:22:09,312 - INFO - Filling out customer information...
2025-11-21 22:22:09,505 - INFO - Login successful.
2025-11-21 22:22:09,505 - INFO - Testing login with: {'username': 'performance_glitch_user', 'password': 'secret_sauce'}
2025-11-21 22:22:09,623 - INFO - Finishing checkout...
2025-11-21 22:22:09,721 - INFO - Confirmation message: Thank you for your order!
2025-11-21 22:22:09,722 - INFO - TEST PASS: Full checkout flow completed successfully.
2025-11-21 22:22:14,779 - INFO - Login successful.
2025-11-21 22:44:01,224 - INFO - Starting Login Variations Test
2025-11-21 22:44:01,224 - INFO - Testing login with: {'username': 'standard_user', 'password': 'secret_sauce'}
2025-11-21 22:44:02,145 - INFO - Login successful.
2025-11-21 22:44:02,145 - INFO - Testing login with: {'username': 'locked_out_user', 'password': 'secret_sauce'}
2025-11-21 22:44:02,400 - INFO - Locked user correctly blocked.
2025-11-21 22:44:02,400 - INFO - Testing login with: {'username': 'problem_user', 'password': 'secret_sauce'}
2025-11-21 22:44:03,008 - INFO - Starting Full Checkout Test
2025-11-21 22:44:03,008 - INFO - Loading login page...
2025-11-21 22:44:03,023 - INFO - Starting Invalid Login Test
2025-11-21 22:44:03,024 - INFO - Loading login page...
2025-11-21 22:44:03,062 - INFO - Login successful.
2025-11-21 22:44:03,062 - INFO - Testing login with: {'username': 'performance_glitch_user', 'password': 'secret_sauce'}
2025-11-21 22:44:03,493 - INFO - Logging in as standard_user...
2025-11-21 22:44:03,549 - INFO - Attempting login with WRONG credentials...
2025-11-21 22:44:03,720 - INFO - Adding items to cart...
2025-11-21 22:44:03,785 - INFO - Checking for error message...
2025-11-21 22:44:03,791 - INFO - TEST PASS: Invalid login shows correct error message.
2025-11-21 22:44:03,932 - INFO - Navigating to cart...
2025-11-21 22:44:04,005 - INFO - Starting checkout process...
2025-11-21 22:44:04,095 - INFO - Filling out customer information...
2025-11-21 22:44:04,278 - INFO - Finishing checkout...
2025-11-21 22:44:04,382 - INFO - Confirmation message: Thank you for your order!
2025-11-21 22:44:04,382 - INFO - TEST PASS: Full checkout flow completed successfully.
2025-11-21 22:44:05,992 - INFO - Starting Locked User Test
2025-11-21 22:44:05,992 - INFO - Loading login page...
2025-11-21 22:44:06,461 - INFO - Logging in with locked_out_user...
2025-11-21 22:44:06,543 - INFO - Starting Cart Test
2025-11-21 22:44:06,543 - INFO - Loading login page...
2025-11-21 22:44:06,684 - INFO - Validating locked-out message...
2025-11-21 22:44:06,688 - INFO - TEST PASS: Locked user message displayed correctly.
2025-11-21 22:44:06,966 - INFO - Logging in with correct credentials...
2025-11-21 22:44:07,154 - INFO - Adding items to cart...
2025-11-21 22:44:07,313 - INFO - Navigating to cart...
2025-11-21 22:44:07,391 - INFO - Retrieving items from the cart...
2025-11-21 22:44:07,421 - INFO - Items found in cart: ['Sauce Labs Backpack', 'Sauce Labs Bike Light']
2025-11-21 22:44:07,421 - INFO - Validating items...
2025-11-21 22:44:07,421 - INFO - TEST PASS: Cart contains correct items.
2025-11-21 22:44:08,438 - INFO - Login successful.
2025-11-21 22:58:58,608 - INFO - Starting Invalid Login Test
2025-11-21 22:58:58,609 - INFO - Loading login page...
2025-11-21 22:58:58,631 - INFO - Starting Full Checkout Test
2025-11-21 22:58:58,631 - INFO - Loading login page...
2025-11-21 22:58:58,664 - INFO - Starting Cart Test
2025-11-21 22:58:58,664 - INFO - Loading login page...
2025-11-21 22:58:58,683 - INFO - Starting Login Variations Test
2025-11-21 22:58:58,684 - INFO - Testing login with: {'username': 'standard_user', 'password': 'secret_sauce'}
2025-11-21 22:58:58,726 - INFO - Starting Locked User Test
2025-11-21 22:58:58,726 - INFO - Loading login page...
2025-11-21 22:58:58,829 - INFO - Attempting login with WRONG credentials...
2025-11-21 22:58:58,832 - INFO - Logging in as standard_user...
2025-11-21 22:58:58,833 - INFO - Logging in with correct credentials...
2025-11-21 22:58:59,230 - INFO - Logging in with locked_out_user...
2025-11-21 22:58:59,469 - INFO - Checking for error message...
2025-11-21 22:58:59,473 - INFO - TEST PASS: Invalid login shows correct error message.
2025-11-21 22:58:59,548 - INFO - Adding items to cart...
2025-11-21 22:58:59,559 - INFO - Validating locked-out message...
2025-11-21 22:58:59,562 - INFO - Login successful.
2025-11-21 22:58:59,562 - INFO - Testing login with: {'username': 'locked_out_user', 'password': 'secret_sauce'}
2025-11-21 22:58:59,566 - INFO - TEST PASS: Locked user message displayed correctly.
2025-11-21 22:58:59,613 - INFO - Adding items to cart...
2025-11-21 22:58:59,774 - INFO - Navigating to cart...
2025-11-21 22:58:59,792 - INFO - Navigating to cart...
2025-11-21 22:58:59,850 - INFO - Retrieving items from the cart...
2025-11-21 22:58:59,856 - INFO - Starting checkout process...
2025-11-21 22:58:59,885 - INFO - Items found in cart: ['Sauce Labs Backpack', 'Sauce Labs Bike Light']
2025-11-21 22:58:59,885 - INFO - Validating items...
2025-11-21 22:58:59,885 - INFO - TEST PASS: Cart contains correct items.
2025-11-21 22:58:59,936 - INFO - Filling out customer information...
2025-11-21 22:58:59,963 - INFO - Locked user correctly blocked.
2025-11-21 22:58:59,964 - INFO - Testing login with: {'username': 'problem_user', 'password': 'secret_sauce'}
2025-11-21 22:59:00,204 - INFO - Finishing checkout...
2025-11-21 22:59:00,241 - INFO - Login successful.
2025-11-21 22:59:00,241 - INFO - Testing login with: {'username': 'performance_glitch_user', 'password': 'secret_sauce'}
2025-11-21 22:59:00,286 - INFO - Confirmation message: Thank you for your order!
2025-11-21 22:59:00,286 - INFO - TEST PASS: Full checkout flow completed successfully.
2025-11-21 22:59:05,550 - INFO - Login successful.
2025-11-21 23:01:11,885 - INFO - Starting Cart Test
2025-11-21 23:01:11,885 - INFO - Loading login page...
2025-11-21 23:01:11,886 - INFO - Starting Locked User Test
2025-11-21 23:01:11,887 - INFO - Loading login page...
2025-11-21 23:01:12,113 - INFO - Starting Full Checkout Test
2025-11-21 23:01:12,114 - INFO - Loading login page...
2025-11-21 23:01:12,117 - INFO - Starting Invalid Login Test
2025-11-21 23:01:12,118 - INFO - Loading login page...
2025-11-21 23:01:12,124 - INFO - Starting Login Variations Test
2025-11-21 23:01:12,125 - INFO - Testing login with: {'username': 'standard_user', 'password': 'secret_sauce'}
2025-11-21 23:01:12,434 - INFO - Logging in with correct credentials...
2025-11-21 23:01:12,434 - INFO - Logging in with locked_out_user...
2025-11-21 23:01:12,434 - INFO - Typing 'standard_user' into: ('id', 'user-name')
2025-11-21 23:01:12,434 - INFO - Typing 'locked_out_user' into: ('id', 'user-name')
2025-11-21 23:01:12,485 - INFO - Attempting login with WRONG credentials...
2025-11-21 23:01:12,485 - INFO - Typing 'wrong_user' into: ('id', 'user-name')
2025-11-21 23:01:12,533 - INFO - Logging in as standard_user...
2025-11-21 23:01:12,533 - INFO - Typing 'standard_user' into: ('id', 'user-name')
2025-11-21 23:01:12,561 - INFO - Typing 'standard_user' into: ('id', 'user-name')
2025-11-21 23:01:12,594 - INFO - Typing 'secret_sauce' into: ('id', 'password')
2025-11-21 23:01:12,594 - INFO - Typing 'secret_sauce' into: ('id', 'password')
2025-11-21 23:01:12,623 - INFO - Typing 'wrong_pass' into: ('id', 'password')
2025-11-21 23:01:12,662 - INFO - Typing 'secret_sauce' into: ('id', 'password')
2025-11-21 23:01:12,685 - INFO - Typing 'secret_sauce' into: ('id', 'password')
2025-11-21 23:01:12,688 - INFO - Clicking on element: ('id', 'login-button')
2025-11-21 23:01:12,696 - INFO - Clicking on element: ('id', 'login-button')
2025-11-21 23:01:12,716 - INFO - Clicking on element: ('id', 'login-button')
2025-11-21 23:01:12,758 - INFO - Clicking on element: ('id', 'login-button')
2025-11-21 23:01:12,784 - INFO - Validating locked-out message...
2025-11-21 23:01:12,786 - INFO - Clicking on element: ('id', 'login-button')
2025-11-21 23:01:12,789 - INFO - TEST PASS: Locked user message displayed correctly.
2025-11-21 23:01:12,814 - INFO - Adding items to cart...
2025-11-21 23:01:12,815 - INFO - Clicking on element: ('id', 'add-to-cart-sauce-labs-backpack')
2025-11-21 23:01:12,817 - INFO - Checking for error message...
2025-11-21 23:01:12,824 - INFO - TEST PASS: Invalid login shows correct error message.
2025-11-21 23:01:12,915 - INFO - Adding items to cart...
2025-11-21 23:01:12,916 - INFO - Clicking on element: ('id', 'add-to-cart-sauce-labs-backpack')
2025-11-21 23:01:12,929 - INFO - Clicking on element: ('id', 'add-to-cart-sauce-labs-bike-light')
2025-11-21 23:01:12,962 - INFO - Login successful.
2025-11-21 23:01:12,962 - INFO - Testing login with: {'username': 'locked_out_user', 'password': 'secret_sauce'}
2025-11-21 23:01:13,018 - INFO - Clicking on element: ('id', 'add-to-cart-sauce-labs-bike-light')
2025-11-21 23:01:13,021 - INFO - Navigating to cart...
2025-11-21 23:01:13,021 - INFO - Clicking on element: ('class name', 'shopping_cart_link')
2025-11-21 23:01:13,030 - INFO - Typing 'locked_out_user' into: ('id', 'user-name')
2025-11-21 23:01:13,081 - INFO - Navigating to cart...
2025-11-21 23:01:13,082 - INFO - Clicking on element: ('class name', 'shopping_cart_link')
2025-11-21 23:01:13,095 - INFO - Retrieving items from the cart...
2025-11-21 23:01:13,103 - INFO - Typing 'secret_sauce' into: ('id', 'password')
2025-11-21 23:01:13,129 - INFO - Items found in cart: ['Sauce Labs Backpack', 'Sauce Labs Bike Light']
2025-11-21 23:01:13,130 - INFO - Validating items...
2025-11-21 23:01:13,130 - INFO - TEST PASS: Cart contains correct items.
2025-11-21 23:01:13,167 - INFO - Starting checkout process...
2025-11-21 23:01:13,167 - INFO - Clicking on element: ('id', 'checkout')
2025-11-21 23:01:13,180 - INFO - Clicking on element: ('id', 'login-button')
2025-11-21 23:01:13,245 - INFO - Filling out customer information...
2025-11-21 23:01:13,245 - INFO - Typing 'Miguel' into: ('id', 'first-name')
2025-11-21 23:01:13,247 - INFO - Locked user correctly blocked.
2025-11-21 23:01:13,247 - INFO - Testing login with: {'username': 'problem_user', 'password': 'secret_sauce'}
2025-11-21 23:01:13,302 - INFO - Typing 'problem_user' into: ('id', 'user-name')
2025-11-21 23:01:13,346 - INFO - Typing 'Van Mechgelen' into: ('id', 'last-name')
2025-11-21 23:01:13,361 - INFO - Typing 'secret_sauce' into: ('id', 'password')
2025-11-21 23:01:13,418 - INFO - Clicking on element: ('id', 'login-button')
2025-11-21 23:01:13,434 - INFO - Typing '1234' into: ('id', 'postal-code')
2025-11-21 23:01:13,484 - INFO - Login successful.
2025-11-21 23:01:13,484 - INFO - Testing login with: {'username': 'performance_glitch_user', 'password': 'secret_sauce'}
2025-11-21 23:01:13,521 - INFO - Clicking on element: ('id', 'continue')
2025-11-21 23:01:13,529 - INFO - Typing 'performance_glitch_user' into: ('id', 'user-name')
2025-11-21 23:01:13,596 - INFO - Typing 'secret_sauce' into: ('id', 'password')
2025-11-21 23:01:13,618 - INFO - Finishing checkout...
2025-11-21 23:01:13,618 - INFO - Clicking on element: ('id', 'finish')
2025-11-21 23:01:13,653 - INFO - Clicking on element: ('id', 'login-button')
2025-11-21 23:01:13,686 - INFO - Getting text from: ('class name', 'complete-header')
2025-11-21 23:01:13,712 - INFO - Confirmation message: Thank you for your order!
2025-11-21 23:01:13,712 - INFO - TEST PASS: Full checkout flow completed successfully.
2025-11-21 23:01:18,726 - INFO - Login successful.
